<?xml version="1.0" encoding="UTF-8"?>
<!-- Generated by org.testng.reporters.JUnitReportReporter -->
<testsuite hostname="Vatsal" name="com.mitchell.vehicle.daoTest.VehicleTest" tests="5" failures="0" timestamp="15 Jun 2016 08:46:46 GMT" time="0.688" errors="0">
  <testcase name="addVehicle" time="0.457" classname="com.mitchell.vehicle.daoTest.VehicleTest"/>
  <testcase name="removeVehicle" time="0.043" classname="com.mitchell.vehicle.daoTest.VehicleTest"/>
  <testcase name="getVehicles" time="0.051" classname="com.mitchell.vehicle.daoTest.VehicleTest"/>
  <testcase name="getVehicle" time="0.092" classname="com.mitchell.vehicle.daoTest.VehicleTest"/>
  <testcase name="getVehicleByProperty" time="0.045" classname="com.mitchell.vehicle.daoTest.VehicleTest"/>
</testsuite> <!-- com.mitchell.vehicle.daoTest.VehicleTest -->
